Using pre-set license
Built from '2020.3/staging' branch; Version is '2020.3.0f1 (c7b5465681fb) revision 13088070'; Using compiler version '192528614'; Build Type 'Release'
OS: 'Windows 10 Home Single Language; OS build 19042.928; Version 2009; 64bit' Language: 'es' Physical Memory: 12163 MB
BatchMode: 1, IsHumanControllingUs: 0, StartBugReporterOnCrash: 0, Is64bit: 1, IsPro: 0

 COMMAND LINE ARGUMENTS:
C:\Program Files\2020.3.0f1\Editor\Unity.exe
-adb2
-batchMode
-noUpm
-name
AssetImportWorker1
-projectPath
D:/Unity Projects/Study/Unity Learn/Counting Prototype
-logFile
Logs/AssetImportWorker1.log
-srvPort
61582
Successfully changed project path to: D:/Unity Projects/Study/Unity Learn/Counting Prototype
D:/Unity Projects/Study/Unity Learn/Counting Prototype
Using Asset Import Pipeline V2.
Refreshing native plugins compatible for Editor in 28.83 ms, found 0 plugins.
Preloading 0 native plugins for Editor in 0.00 ms.
Initialize engine version: 2020.3.0f1 (c7b5465681fb)
[Subsystems] Discovering subsystems at path C:/Program Files/2020.3.0f1/Editor/Data/Resources/UnitySubsystems
[Subsystems] Discovering subsystems at path D:/Unity Projects/Study/Unity Learn/Counting Prototype/Assets
GfxDevice: creating device client; threaded=0
Direct3D:
    Version:  Direct3D 11.0 [level 11.1]
    Renderer: NVIDIA GeForce MX150 (ID=0x1d10)
    Vendor:   
    VRAM:     1983 MB
    Driver:   27.21.14.6589
Initialize mono
Mono path[0] = 'C:/Program Files/2020.3.0f1/Editor/Data/Managed'
Mono path[1] = 'C:/Program Files/2020.3.0f1/Editor/Data/MonoBleedingEdge/lib/mono/unityjit'
Mono config path = 'C:/Program Files/2020.3.0f1/Editor/Data/MonoBleedingEdge/etc'
Using monoOptions --debugger-agent=transport=dt_socket,embedding=1,server=y,suspend=n,address=127.0.0.1:56236
Begin MonoManager ReloadAssembly
Registering precompiled unity dll's ...
Register platform support module: C:/Program Files/2020.3.0f1/Editor/Data/PlaybackEngines/WebGLSupport/UnityEditor.WebGL.Extensions.dll
Register platform support module: C:/Program Files/2020.3.0f1/Editor/Data/PlaybackEngines/WindowsStandaloneSupport/UnityEditor.WindowsStandalone.Extensions.dll
Registered in 0.003182 seconds.
Native extension for WindowsStandalone target not found
Native extension for WebGL target not found
Refreshing native plugins compatible for Editor in 31.99 ms, found 0 plugins.
Preloading 0 native plugins for Editor in 0.00 ms.
Invoked RoslynAnalysisRunner static constructor.
RoslynAnalysisRunner will not be running.
RoslynAnalysisRunner has terminated.
Mono: successfully reloaded assembly
- Completed reload, in  1.679 seconds
Platform modules already initialized, skipping
Registering precompiled user dll's ...
Registered in 0.001025 seconds.
Begin MonoManager ReloadAssembly
Native extension for WindowsStandalone target not found
Native extension for WebGL target not found
Refreshing native plugins compatible for Editor in 0.21 ms, found 0 plugins.
Preloading 0 native plugins for Editor in 0.00 ms.
Invoked RoslynAnalysisRunner static constructor.
RoslynAnalysisRunner will not be running.
RoslynAnalysisRunner has terminated.
Mono: successfully reloaded assembly
- Completed reload, in  1.252 seconds
Platform modules already initialized, skipping
========================================================================
Worker process is ready to serve import requests
Launched and connected shader compiler UnityShaderCompiler.exe after 0.07 seconds
Refreshing native plugins compatible for Editor in 0.33 ms, found 0 plugins.
Preloading 0 native plugins for Editor in 0.00 ms.
Unloading 1116 Unused Serialized files (Serialized files now loaded: 0)
System memory in use before: 57.3 MB.
System memory in use after: 57.3 MB.

Unloading 10 unused Assets to reduce memory usage. Loaded Objects now: 1560.
Total: 3.639700 ms (FindLiveObjects: 1.048500 ms CreateObjectMapping: 0.112800 ms MarkObjects: 2.375400 ms  DeleteObjects: 0.101200 ms)

========================================================================
Received Import Request.
  path: Assets/Prefabs/Destroy SFX.prefab
  artifactKey: Guid(db83befcf8a7f9146a800cb37eedf32a) Importer(815301076,1909f56bfc062723c751e8b465ee728b)
Start importing Assets/Prefabs/Destroy SFX.prefab using Guid(db83befcf8a7f9146a800cb37eedf32a) Importer(815301076,1909f56bfc062723c751e8b465ee728b)  -> (artifact id: '9cd684c62f3a556847509af4ecd357c8') in 0.088431 seconds
  Import took 0.090642 seconds .

========================================================================
Received Prepare
Refreshing native plugins compatible for Editor in 0.91 ms, found 0 plugins.
Preloading 0 native plugins for Editor in 0.00 ms.
Unloading 3 Unused Serialized files (Serialized files now loaded: 0)
System memory in use before: 35.2 MB.
System memory in use after: 35.3 MB.

Unloading 3 unused Assets to reduce memory usage. Loaded Objects now: 1560.
Total: 4.834900 ms (FindLiveObjects: 0.506200 ms CreateObjectMapping: 0.135100 ms MarkObjects: 4.132300 ms  DeleteObjects: 0.059100 ms)

========================================================================
Received Import Request.
  Time since last request: 15.453400 seconds.
  path: Assets/Prefabs/Destroy SFX.prefab
  artifactKey: Guid(db83befcf8a7f9146a800cb37eedf32a) Importer(815301076,1909f56bfc062723c751e8b465ee728b)
Start importing Assets/Prefabs/Destroy SFX.prefab using Guid(db83befcf8a7f9146a800cb37eedf32a) Importer(815301076,1909f56bfc062723c751e8b465ee728b)  -> (artifact id: '86a8d381e4a4c752912a8d8f0131becf') in 0.006959 seconds
  Import took 0.009579 seconds .

========================================================================
Received Prepare
Registering precompiled user dll's ...
Registered in 0.000574 seconds.
Begin MonoManager ReloadAssembly
Native extension for WindowsStandalone target not found
Native extension for WebGL target not found
Refreshing native plugins compatible for Editor in 0.30 ms, found 0 plugins.
Preloading 0 native plugins for Editor in 0.00 ms.
Invoked RoslynAnalysisRunner static constructor.
RoslynAnalysisRunner will not be running.
RoslynAnalysisRunner has terminated.
Mono: successfully reloaded assembly
- Completed reload, in  1.174 seconds
Platform modules already initialized, skipping
Refreshing native plugins compatible for Editor in 0.35 ms, found 0 plugins.
Preloading 0 native plugins for Editor in 0.00 ms.
Unloading 1111 Unused Serialized files (Serialized files now loaded: 0)
System memory in use before: 57.2 MB.
System memory in use after: 57.3 MB.

Unloading 5 unused Assets to reduce memory usage. Loaded Objects now: 1563.
Total: 2.980400 ms (FindLiveObjects: 0.160900 ms CreateObjectMapping: 0.047300 ms MarkObjects: 2.711800 ms  DeleteObjects: 0.058500 ms)

========================================================================
Received Import Request.
  Time since last request: 44.664621 seconds.
  path: Assets/Prefabs/Destroy SFX.prefab
  artifactKey: Guid(db83befcf8a7f9146a800cb37eedf32a) Importer(815301076,1909f56bfc062723c751e8b465ee728b)
Start importing Assets/Prefabs/Destroy SFX.prefab using Guid(db83befcf8a7f9146a800cb37eedf32a) Importer(815301076,1909f56bfc062723c751e8b465ee728b)  -> (artifact id: 'ac467e6354e8e3545ea5fd8629ad6a32') in 0.052871 seconds
  Import took 0.055788 seconds .

========================================================================
Received Prepare
Registering precompiled user dll's ...
Registered in 0.001091 seconds.
Begin MonoManager ReloadAssembly
Native extension for WindowsStandalone target not found
Native extension for WebGL target not found
Refreshing native plugins compatible for Editor in 0.22 ms, found 0 plugins.
Preloading 0 native plugins for Editor in 0.00 ms.
Invoked RoslynAnalysisRunner static constructor.
RoslynAnalysisRunner will not be running.
RoslynAnalysisRunner has terminated.
Mono: successfully reloaded assembly
- Completed reload, in  1.212 seconds
Platform modules already initialized, skipping
Refreshing native plugins compatible for Editor in 0.19 ms, found 0 plugins.
Preloading 0 native plugins for Editor in 0.00 ms.
Unloading 1111 Unused Serialized files (Serialized files now loaded: 0)
System memory in use before: 57.2 MB.
System memory in use after: 57.3 MB.

Unloading 5 unused Assets to reduce memory usage. Loaded Objects now: 1566.
Total: 1.963700 ms (FindLiveObjects: 0.150500 ms CreateObjectMapping: 0.056800 ms MarkObjects: 1.703700 ms  DeleteObjects: 0.050700 ms)

========================================================================
Received Import Request.
  Time since last request: 71.836385 seconds.
  path: Assets/Prefabs/Destroy SFX.prefab
  artifactKey: Guid(db83befcf8a7f9146a800cb37eedf32a) Importer(815301076,1909f56bfc062723c751e8b465ee728b)
Start importing Assets/Prefabs/Destroy SFX.prefab using Guid(db83befcf8a7f9146a800cb37eedf32a) Importer(815301076,1909f56bfc062723c751e8b465ee728b)  -> (artifact id: 'bf0a387edc4061ab9acda45da514c340') in 0.027164 seconds
  Import took 0.031082 seconds .

========================================================================
Received Import Request.
  Time since last request: 1.126904 seconds.
  path: Assets/Prefabs/Destroy SFX.prefab
  artifactKey: Guid(db83befcf8a7f9146a800cb37eedf32a) Importer(815301076,1909f56bfc062723c751e8b465ee728b)
Start importing Assets/Prefabs/Destroy SFX.prefab using Guid(db83befcf8a7f9146a800cb37eedf32a) Importer(815301076,1909f56bfc062723c751e8b465ee728b)  -> (artifact id: '76a4c7a32f2676d7e2fbbc37b8b86651') in 0.012744 seconds
  Import took 0.016659 seconds .

========================================================================
Received Prepare
Registering precompiled user dll's ...
Registered in 0.000823 seconds.
Begin MonoManager ReloadAssembly
Native extension for WindowsStandalone target not found
Native extension for WebGL target not found
Refreshing native plugins compatible for Editor in 0.20 ms, found 0 plugins.
Preloading 0 native plugins for Editor in 0.00 ms.
Invoked RoslynAnalysisRunner static constructor.
RoslynAnalysisRunner will not be running.
RoslynAnalysisRunner has terminated.
Mono: successfully reloaded assembly
- Completed reload, in  1.123 seconds
Platform modules already initialized, skipping
Refreshing native plugins compatible for Editor in 0.21 ms, found 0 plugins.
Preloading 0 native plugins for Editor in 0.00 ms.
Unloading 1111 Unused Serialized files (Serialized files now loaded: 0)
System memory in use before: 57.3 MB.
System memory in use after: 57.3 MB.

Unloading 5 unused Assets to reduce memory usage. Loaded Objects now: 1569.
Total: 2.186100 ms (FindLiveObjects: 0.322200 ms CreateObjectMapping: 0.061800 ms MarkObjects: 1.740800 ms  DeleteObjects: 0.059100 ms)

========================================================================
Received Import Request.
  Time since last request: 30.249652 seconds.
  path: Assets/Prefabs/Destroy SFX.prefab
  artifactKey: Guid(db83befcf8a7f9146a800cb37eedf32a) Importer(815301076,1909f56bfc062723c751e8b465ee728b)
Start importing Assets/Prefabs/Destroy SFX.prefab using Guid(db83befcf8a7f9146a800cb37eedf32a) Importer(815301076,1909f56bfc062723c751e8b465ee728b)  -> (artifact id: '7ce6be5190713c451ab0b5c7b8e6e3b7') in 0.042984 seconds
  Import took 0.046007 seconds .

========================================================================
Received Import Request.
  Time since last request: 2.081152 seconds.
  path: Assets/Prefabs/Destroy SFX.prefab
  artifactKey: Guid(db83befcf8a7f9146a800cb37eedf32a) Importer(815301076,1909f56bfc062723c751e8b465ee728b)
Start importing Assets/Prefabs/Destroy SFX.prefab using Guid(db83befcf8a7f9146a800cb37eedf32a) Importer(815301076,1909f56bfc062723c751e8b465ee728b)  -> (artifact id: '5ecb6fb464462a8d0d622f477a6d0f73') in 0.012795 seconds
  Import took 0.015957 seconds .

========================================================================
Received Prepare
Registering precompiled user dll's ...
Registered in 0.000675 seconds.
Begin MonoManager ReloadAssembly
Native extension for WindowsStandalone target not found
Native extension for WebGL target not found
Refreshing native plugins compatible for Editor in 0.49 ms, found 0 plugins.
Preloading 0 native plugins for Editor in 0.00 ms.
Invoked RoslynAnalysisRunner static constructor.
RoslynAnalysisRunner will not be running.
RoslynAnalysisRunner has terminated.
Mono: successfully reloaded assembly
- Completed reload, in  1.976 seconds
Platform modules already initialized, skipping
Refreshing native plugins compatible for Editor in 0.36 ms, found 0 plugins.
Preloading 0 native plugins for Editor in 0.00 ms.
Unloading 1111 Unused Serialized files (Serialized files now loaded: 0)
System memory in use before: 57.3 MB.
System memory in use after: 57.3 MB.

Unloading 5 unused Assets to reduce memory usage. Loaded Objects now: 1572.
Total: 2.704200 ms (FindLiveObjects: 0.433100 ms CreateObjectMapping: 0.115600 ms MarkObjects: 2.096300 ms  DeleteObjects: 0.057800 ms)

========================================================================
Received Import Request.
  Time since last request: 16.270324 seconds.
  path: Assets/Prefabs/Destroy SFX.prefab
  artifactKey: Guid(db83befcf8a7f9146a800cb37eedf32a) Importer(815301076,1909f56bfc062723c751e8b465ee728b)
Start importing Assets/Prefabs/Destroy SFX.prefab using Guid(db83befcf8a7f9146a800cb37eedf32a) Importer(815301076,1909f56bfc062723c751e8b465ee728b)  -> (artifact id: 'e2d27f57fa4d1f843686ffb0da8e906b') in 0.073260 seconds
  Import took 0.077451 seconds .

========================================================================
Received Import Request.
  Time since last request: 40.094463 seconds.
  path: Assets/Prefabs/Destroy SFX.prefab
  artifactKey: Guid(db83befcf8a7f9146a800cb37eedf32a) Importer(815301076,1909f56bfc062723c751e8b465ee728b)
Start importing Assets/Prefabs/Destroy SFX.prefab using Guid(db83befcf8a7f9146a800cb37eedf32a) Importer(815301076,1909f56bfc062723c751e8b465ee728b)  -> (artifact id: '602597addc4b26cc5c9b2343c7d81061') in 0.009131 seconds
  Import took 0.044224 seconds .

========================================================================
Received Import Request.
  Time since last request: 8.949676 seconds.
  path: Assets/Prefabs/Destroy SFX.prefab
  artifactKey: Guid(db83befcf8a7f9146a800cb37eedf32a) Importer(815301076,1909f56bfc062723c751e8b465ee728b)
Start importing Assets/Prefabs/Destroy SFX.prefab using Guid(db83befcf8a7f9146a800cb37eedf32a) Importer(815301076,1909f56bfc062723c751e8b465ee728b)  -> (artifact id: '1564db7c8e46536d59295106ed5848f2') in 0.013537 seconds
  Import took 0.017355 seconds .

========================================================================
Received Import Request.
  Time since last request: 300.993012 seconds.
  path: Assets/Prefabs/Destroy SFX.prefab
  artifactKey: Guid(db83befcf8a7f9146a800cb37eedf32a) Importer(815301076,1909f56bfc062723c751e8b465ee728b)
Start importing Assets/Prefabs/Destroy SFX.prefab using Guid(db83befcf8a7f9146a800cb37eedf32a) Importer(815301076,1909f56bfc062723c751e8b465ee728b)  -> (artifact id: '025ce647dfeeae7ee4f0c9cf56047c7f') in 0.014066 seconds
  Import took 0.017921 seconds .

========================================================================
Received Prepare
Registering precompiled user dll's ...
Registered in 0.000651 seconds.
Begin MonoManager ReloadAssembly
Native extension for WindowsStandalone target not found
Native extension for WebGL target not found
Refreshing native plugins compatible for Editor in 0.20 ms, found 0 plugins.
Preloading 0 native plugins for Editor in 0.00 ms.
Invoked RoslynAnalysisRunner static constructor.
RoslynAnalysisRunner will not be running.
RoslynAnalysisRunner has terminated.
Mono: successfully reloaded assembly
- Completed reload, in  1.170 seconds
Platform modules already initialized, skipping
Refreshing native plugins compatible for Editor in 0.21 ms, found 0 plugins.
Preloading 0 native plugins for Editor in 0.00 ms.
Unloading 1111 Unused Serialized files (Serialized files now loaded: 0)
System memory in use before: 57.3 MB.
System memory in use after: 57.4 MB.

Unloading 5 unused Assets to reduce memory usage. Loaded Objects now: 1575.
Total: 1.838600 ms (FindLiveObjects: 0.155100 ms CreateObjectMapping: 0.054100 ms MarkObjects: 1.564800 ms  DeleteObjects: 0.063300 ms)

========================================================================
Received Import Request.
  Time since last request: 34.687718 seconds.
  path: Assets/Prefabs/Destroy SFX.prefab
  artifactKey: Guid(db83befcf8a7f9146a800cb37eedf32a) Importer(815301076,1909f56bfc062723c751e8b465ee728b)
Start importing Assets/Prefabs/Destroy SFX.prefab using Guid(db83befcf8a7f9146a800cb37eedf32a) Importer(815301076,1909f56bfc062723c751e8b465ee728b)  -> (artifact id: 'becc9d1e88ca82833934f75e0ca85561') in 0.030299 seconds
  Import took 0.032896 seconds .

========================================================================
Received Prepare
Registering precompiled user dll's ...
Registered in 0.000731 seconds.
Begin MonoManager ReloadAssembly
Native extension for WindowsStandalone target not found
Native extension for WebGL target not found
Refreshing native plugins compatible for Editor in 0.19 ms, found 0 plugins.
Preloading 0 native plugins for Editor in 0.00 ms.
Invoked RoslynAnalysisRunner static constructor.
RoslynAnalysisRunner will not be running.
RoslynAnalysisRunner has terminated.
Mono: successfully reloaded assembly
- Completed reload, in  1.192 seconds
Platform modules already initialized, skipping
Refreshing native plugins compatible for Editor in 0.47 ms, found 0 plugins.
Preloading 0 native plugins for Editor in 0.00 ms.
Unloading 1111 Unused Serialized files (Serialized files now loaded: 0)
System memory in use before: 57.3 MB.
System memory in use after: 57.4 MB.

Unloading 5 unused Assets to reduce memory usage. Loaded Objects now: 1578.
Total: 1.811600 ms (FindLiveObjects: 0.169000 ms CreateObjectMapping: 0.040300 ms MarkObjects: 1.531600 ms  DeleteObjects: 0.068400 ms)

========================================================================
Received Import Request.
  Time since last request: 13.460487 seconds.
  path: Assets/Prefabs/Destroy SFX.prefab
  artifactKey: Guid(db83befcf8a7f9146a800cb37eedf32a) Importer(815301076,1909f56bfc062723c751e8b465ee728b)
Start importing Assets/Prefabs/Destroy SFX.prefab using Guid(db83befcf8a7f9146a800cb37eedf32a) Importer(815301076,1909f56bfc062723c751e8b465ee728b)  -> (artifact id: '9b5feb9c7a66194a13bec3b372189a6d') in 0.037152 seconds
  Import took 0.039705 seconds .

========================================================================
Received Import Request.
  Time since last request: 2.594201 seconds.
  path: Assets/Prefabs/Destroy SFX.prefab
  artifactKey: Guid(db83befcf8a7f9146a800cb37eedf32a) Importer(815301076,1909f56bfc062723c751e8b465ee728b)
Start importing Assets/Prefabs/Destroy SFX.prefab using Guid(db83befcf8a7f9146a800cb37eedf32a) Importer(815301076,1909f56bfc062723c751e8b465ee728b)  -> (artifact id: '9b5feb9c7a66194a13bec3b372189a6d') in 0.006152 seconds
  Import took 0.012960 seconds .

========================================================================
Received Prepare
Registering precompiled user dll's ...
Registered in 0.003971 seconds.
Begin MonoManager ReloadAssembly
Native extension for WindowsStandalone target not found
Native extension for WebGL target not found
Refreshing native plugins compatible for Editor in 0.31 ms, found 0 plugins.
Preloading 0 native plugins for Editor in 0.00 ms.
Invoked RoslynAnalysisRunner static constructor.
RoslynAnalysisRunner will not be running.
RoslynAnalysisRunner has terminated.
Mono: successfully reloaded assembly
- Completed reload, in  1.417 seconds
Platform modules already initialized, skipping
Refreshing native plugins compatible for Editor in 0.32 ms, found 0 plugins.
Preloading 0 native plugins for Editor in 0.00 ms.
Unloading 1111 Unused Serialized files (Serialized files now loaded: 0)
System memory in use before: 57.3 MB.
System memory in use after: 57.4 MB.

Unloading 5 unused Assets to reduce memory usage. Loaded Objects now: 1581.
Total: 2.791600 ms (FindLiveObjects: 0.207200 ms CreateObjectMapping: 0.067600 ms MarkObjects: 2.454800 ms  DeleteObjects: 0.060300 ms)

========================================================================
Received Import Request.
  Time since last request: 33.782670 seconds.
  path: Assets/Prefabs/Destroy SFX.prefab
  artifactKey: Guid(db83befcf8a7f9146a800cb37eedf32a) Importer(815301076,1909f56bfc062723c751e8b465ee728b)
Start importing Assets/Prefabs/Destroy SFX.prefab using Guid(db83befcf8a7f9146a800cb37eedf32a) Importer(815301076,1909f56bfc062723c751e8b465ee728b)  -> (artifact id: 'df3f63a82175b3748a1581ceb8d8d9d6') in 0.036054 seconds
  Import took 0.038868 seconds .

========================================================================
Received Prepare
Registering precompiled user dll's ...
Registered in 0.001691 seconds.
Begin MonoManager ReloadAssembly
Native extension for WindowsStandalone target not found
Native extension for WebGL target not found
Refreshing native plugins compatible for Editor in 0.39 ms, found 0 plugins.
Preloading 0 native plugins for Editor in 0.00 ms.
Invoked RoslynAnalysisRunner static constructor.
RoslynAnalysisRunner will not be running.
RoslynAnalysisRunner has terminated.
Mono: successfully reloaded assembly
- Completed reload, in  2.005 seconds
Platform modules already initialized, skipping
Refreshing native plugins compatible for Editor in 0.67 ms, found 0 plugins.
Preloading 0 native plugins for Editor in 0.00 ms.
Unloading 1111 Unused Serialized files (Serialized files now loaded: 0)
System memory in use before: 57.3 MB.
System memory in use after: 57.4 MB.

Unloading 5 unused Assets to reduce memory usage. Loaded Objects now: 1584.
Total: 3.083300 ms (FindLiveObjects: 0.286600 ms CreateObjectMapping: 0.093300 ms MarkObjects: 2.644700 ms  DeleteObjects: 0.056900 ms)

========================================================================
Received Import Request.
  Time since last request: 7.476949 seconds.
  path: Assets/Prefabs/Destroy SFX.prefab
  artifactKey: Guid(db83befcf8a7f9146a800cb37eedf32a) Importer(815301076,1909f56bfc062723c751e8b465ee728b)
Start importing Assets/Prefabs/Destroy SFX.prefab using Guid(db83befcf8a7f9146a800cb37eedf32a) Importer(815301076,1909f56bfc062723c751e8b465ee728b)  -> (artifact id: 'ac662f8ffc10d54674bad755db049958') in 0.069367 seconds
  Import took 0.073124 seconds .

========================================================================
Received Import Request.
  Time since last request: 18.489604 seconds.
  path: Assets/Prefabs/Destroy SFX.prefab
  artifactKey: Guid(db83befcf8a7f9146a800cb37eedf32a) Importer(815301076,1909f56bfc062723c751e8b465ee728b)
Start importing Assets/Prefabs/Destroy SFX.prefab using Guid(db83befcf8a7f9146a800cb37eedf32a) Importer(815301076,1909f56bfc062723c751e8b465ee728b)  -> (artifact id: '1345c7b19b7fcb5cd80636c1e27e1890') in 0.010591 seconds
  Import took 0.019302 seconds .

========================================================================
Received Prepare
Registering precompiled user dll's ...
Registered in 0.000627 seconds.
Begin MonoManager ReloadAssembly
Native extension for WindowsStandalone target not found
Native extension for WebGL target not found
Refreshing native plugins compatible for Editor in 0.21 ms, found 0 plugins.
Preloading 0 native plugins for Editor in 0.00 ms.
Invoked RoslynAnalysisRunner static constructor.
RoslynAnalysisRunner will not be running.
RoslynAnalysisRunner has terminated.
Mono: successfully reloaded assembly
- Completed reload, in  1.214 seconds
Platform modules already initialized, skipping
Refreshing native plugins compatible for Editor in 0.36 ms, found 0 plugins.
Preloading 0 native plugins for Editor in 0.00 ms.
Unloading 1111 Unused Serialized files (Serialized files now loaded: 0)
System memory in use before: 57.3 MB.
System memory in use after: 57.4 MB.

Unloading 5 unused Assets to reduce memory usage. Loaded Objects now: 1587.
Total: 2.312700 ms (FindLiveObjects: 0.169400 ms CreateObjectMapping: 0.043500 ms MarkObjects: 2.036500 ms  DeleteObjects: 0.061400 ms)

========================================================================
Received Import Request.
  Time since last request: 66.251748 seconds.
  path: Assets/Prefabs/Destroy SFX.prefab
  artifactKey: Guid(db83befcf8a7f9146a800cb37eedf32a) Importer(815301076,1909f56bfc062723c751e8b465ee728b)
Start importing Assets/Prefabs/Destroy SFX.prefab using Guid(db83befcf8a7f9146a800cb37eedf32a) Importer(815301076,1909f56bfc062723c751e8b465ee728b)  -> (artifact id: 'e758c1c1445414bb165c1f10bf44d3e0') in 0.043957 seconds
  Import took 0.047018 seconds .

========================================================================
Received Import Request.
  Time since last request: 2.596119 seconds.
  path: Assets/Prefabs/Destroy SFX.prefab
  artifactKey: Guid(db83befcf8a7f9146a800cb37eedf32a) Importer(815301076,1909f56bfc062723c751e8b465ee728b)
Start importing Assets/Prefabs/Destroy SFX.prefab using Guid(db83befcf8a7f9146a800cb37eedf32a) Importer(815301076,1909f56bfc062723c751e8b465ee728b)  -> (artifact id: 'e758c1c1445414bb165c1f10bf44d3e0') in 0.005926 seconds
  Import took 0.008090 seconds .

========================================================================
Received Prepare
Registering precompiled user dll's ...
Registered in 0.000615 seconds.
Begin MonoManager ReloadAssembly
Native extension for WindowsStandalone target not found
Native extension for WebGL target not found
Refreshing native plugins compatible for Editor in 0.33 ms, found 0 plugins.
Preloading 0 native plugins for Editor in 0.00 ms.
Invoked RoslynAnalysisRunner static constructor.
RoslynAnalysisRunner will not be running.
RoslynAnalysisRunner has terminated.
Mono: successfully reloaded assembly
- Completed reload, in  1.168 seconds
Platform modules already initialized, skipping
Refreshing native plugins compatible for Editor in 0.28 ms, found 0 plugins.
Preloading 0 native plugins for Editor in 0.00 ms.
Unloading 1111 Unused Serialized files (Serialized files now loaded: 0)
System memory in use before: 57.3 MB.
System memory in use after: 57.4 MB.

Unloading 5 unused Assets to reduce memory usage. Loaded Objects now: 1590.
Total: 2.808100 ms (FindLiveObjects: 0.158200 ms CreateObjectMapping: 0.046400 ms MarkObjects: 2.551200 ms  DeleteObjects: 0.050300 ms)

========================================================================
Received Import Request.
  Time since last request: 50.426388 seconds.
  path: Assets/Prefabs/Destroy SFX.prefab
  artifactKey: Guid(db83befcf8a7f9146a800cb37eedf32a) Importer(815301076,1909f56bfc062723c751e8b465ee728b)
Start importing Assets/Prefabs/Destroy SFX.prefab using Guid(db83befcf8a7f9146a800cb37eedf32a) Importer(815301076,1909f56bfc062723c751e8b465ee728b)  -> (artifact id: 'bfb1bfb9767d8d9be20faf423307f189') in 0.036205 seconds
  Import took 0.039485 seconds .

========================================================================
Received Prepare
Registering precompiled user dll's ...
Registered in 0.000783 seconds.
Begin MonoManager ReloadAssembly
Native extension for WindowsStandalone target not found
Native extension for WebGL target not found
Refreshing native plugins compatible for Editor in 0.21 ms, found 0 plugins.
Preloading 0 native plugins for Editor in 0.00 ms.
Invoked RoslynAnalysisRunner static constructor.
RoslynAnalysisRunner will not be running.
RoslynAnalysisRunner has terminated.
Mono: successfully reloaded assembly
- Completed reload, in  1.126 seconds
Platform modules already initialized, skipping
Refreshing native plugins compatible for Editor in 0.36 ms, found 0 plugins.
Preloading 0 native plugins for Editor in 0.00 ms.
Unloading 1111 Unused Serialized files (Serialized files now loaded: 0)
System memory in use before: 57.3 MB.
System memory in use after: 57.4 MB.

Unloading 5 unused Assets to reduce memory usage. Loaded Objects now: 1593.
Total: 2.258100 ms (FindLiveObjects: 0.149800 ms CreateObjectMapping: 0.038300 ms MarkObjects: 2.016200 ms  DeleteObjects: 0.052300 ms)

========================================================================
Received Import Request.
  Time since last request: 40.702828 seconds.
  path: Assets/Prefabs/Destroy SFX.prefab
  artifactKey: Guid(db83befcf8a7f9146a800cb37eedf32a) Importer(815301076,1909f56bfc062723c751e8b465ee728b)
Start importing Assets/Prefabs/Destroy SFX.prefab using Guid(db83befcf8a7f9146a800cb37eedf32a) Importer(815301076,1909f56bfc062723c751e8b465ee728b)  -> (artifact id: '9056e0b3565e7f31b88a152c16a38d3e') in 0.035087 seconds
  Import took 0.037737 seconds .

========================================================================
Received Prepare
Registering precompiled user dll's ...
Registered in 0.002753 seconds.
Begin MonoManager ReloadAssembly
Native extension for WindowsStandalone target not found
Native extension for WebGL target not found
Refreshing native plugins compatible for Editor in 0.21 ms, found 0 plugins.
Preloading 0 native plugins for Editor in 0.00 ms.
Invoked RoslynAnalysisRunner static constructor.
RoslynAnalysisRunner will not be running.
RoslynAnalysisRunner has terminated.
Mono: successfully reloaded assembly
- Completed reload, in  1.237 seconds
Platform modules already initialized, skipping
Refreshing native plugins compatible for Editor in 0.20 ms, found 0 plugins.
Preloading 0 native plugins for Editor in 0.00 ms.
Unloading 1111 Unused Serialized files (Serialized files now loaded: 0)
System memory in use before: 57.3 MB.
System memory in use after: 57.4 MB.

Unloading 5 unused Assets to reduce memory usage. Loaded Objects now: 1596.
Total: 1.726300 ms (FindLiveObjects: 0.143100 ms CreateObjectMapping: 0.044800 ms MarkObjects: 1.475500 ms  DeleteObjects: 0.061000 ms)

========================================================================
Received Prepare
Registering precompiled user dll's ...
Registered in 0.000554 seconds.
Begin MonoManager ReloadAssembly
Native extension for WindowsStandalone target not found
Native extension for WebGL target not found
Refreshing native plugins compatible for Editor in 0.22 ms, found 0 plugins.
Preloading 0 native plugins for Editor in 0.00 ms.
Invoked RoslynAnalysisRunner static constructor.
RoslynAnalysisRunner will not be running.
RoslynAnalysisRunner has terminated.
Mono: successfully reloaded assembly
- Completed reload, in  1.255 seconds
Platform modules already initialized, skipping
Refreshing native plugins compatible for Editor in 0.24 ms, found 0 plugins.
Preloading 0 native plugins for Editor in 0.00 ms.
Unloading 1111 Unused Serialized files (Serialized files now loaded: 0)
System memory in use before: 57.3 MB.
System memory in use after: 57.4 MB.

Unloading 5 unused Assets to reduce memory usage. Loaded Objects now: 1599.
Total: 3.413100 ms (FindLiveObjects: 0.498500 ms CreateObjectMapping: 0.064100 ms MarkObjects: 2.769500 ms  DeleteObjects: 0.079100 ms)

