Using pre-set license
Built from '2020.3/staging' branch; Version is '2020.3.0f1 (c7b5465681fb) revision 13088070'; Using compiler version '192528614'; Build Type 'Release'
OS: 'Windows 10 Home Single Language; OS build 19042.928; Version 2009; 64bit' Language: 'es' Physical Memory: 12163 MB
BatchMode: 1, IsHumanControllingUs: 0, StartBugReporterOnCrash: 0, Is64bit: 1, IsPro: 0

 COMMAND LINE ARGUMENTS:
C:\Program Files\2020.3.0f1\Editor\Unity.exe
-adb2
-batchMode
-noUpm
-name
AssetImportWorker0
-projectPath
D:/Unity Projects/Study/Unity Learn/Counting Prototype
-logFile
Logs/AssetImportWorker0.log
-srvPort
50053
Successfully changed project path to: D:/Unity Projects/Study/Unity Learn/Counting Prototype
D:/Unity Projects/Study/Unity Learn/Counting Prototype
Using Asset Import Pipeline V2.
Refreshing native plugins compatible for Editor in 37.89 ms, found 0 plugins.
Preloading 0 native plugins for Editor in 0.00 ms.
Initialize engine version: 2020.3.0f1 (c7b5465681fb)
[Subsystems] Discovering subsystems at path C:/Program Files/2020.3.0f1/Editor/Data/Resources/UnitySubsystems
[Subsystems] Discovering subsystems at path D:/Unity Projects/Study/Unity Learn/Counting Prototype/Assets
GfxDevice: creating device client; threaded=0
Direct3D:
    Version:  Direct3D 11.0 [level 11.1]
    Renderer: NVIDIA GeForce MX150 (ID=0x1d10)
    Vendor:   
    VRAM:     1983 MB
    Driver:   27.21.14.6589
Initialize mono
Mono path[0] = 'C:/Program Files/2020.3.0f1/Editor/Data/Managed'
Mono path[1] = 'C:/Program Files/2020.3.0f1/Editor/Data/MonoBleedingEdge/lib/mono/unityjit'
Mono config path = 'C:/Program Files/2020.3.0f1/Editor/Data/MonoBleedingEdge/etc'
Using monoOptions --debugger-agent=transport=dt_socket,embedding=1,server=y,suspend=n,address=127.0.0.1:56136
Begin MonoManager ReloadAssembly
Registering precompiled unity dll's ...
Register platform support module: C:/Program Files/2020.3.0f1/Editor/Data/PlaybackEngines/WebGLSupport/UnityEditor.WebGL.Extensions.dll
Register platform support module: C:/Program Files/2020.3.0f1/Editor/Data/PlaybackEngines/WindowsStandaloneSupport/UnityEditor.WindowsStandalone.Extensions.dll
Registered in 0.002391 seconds.
Native extension for WindowsStandalone target not found
Native extension for WebGL target not found
Refreshing native plugins compatible for Editor in 33.30 ms, found 0 plugins.
Preloading 0 native plugins for Editor in 0.00 ms.
Invoked RoslynAnalysisRunner static constructor.
RoslynAnalysisRunner will not be running.
RoslynAnalysisRunner has terminated.
Mono: successfully reloaded assembly
- Completed reload, in  1.739 seconds
Platform modules already initialized, skipping
Registering precompiled user dll's ...
Registered in 0.000691 seconds.
Begin MonoManager ReloadAssembly
Native extension for WindowsStandalone target not found
Native extension for WebGL target not found
Refreshing native plugins compatible for Editor in 0.39 ms, found 0 plugins.
Preloading 0 native plugins for Editor in 0.00 ms.
Invoked RoslynAnalysisRunner static constructor.
RoslynAnalysisRunner will not be running.
RoslynAnalysisRunner has terminated.
Mono: successfully reloaded assembly
- Completed reload, in  1.217 seconds
Platform modules already initialized, skipping
========================================================================
Worker process is ready to serve import requests
Launched and connected shader compiler UnityShaderCompiler.exe after 0.08 seconds
Refreshing native plugins compatible for Editor in 0.35 ms, found 0 plugins.
Preloading 0 native plugins for Editor in 0.00 ms.
Unloading 1116 Unused Serialized files (Serialized files now loaded: 0)
System memory in use before: 57.3 MB.
System memory in use after: 57.3 MB.

Unloading 10 unused Assets to reduce memory usage. Loaded Objects now: 1560.
Total: 2.301900 ms (FindLiveObjects: 0.152300 ms CreateObjectMapping: 0.058700 ms MarkObjects: 2.010000 ms  DeleteObjects: 0.079800 ms)

========================================================================
Received Import Request.
  path: Assets/Scripts/SphereController.cs
  artifactKey: Guid(d36aba2f61316d540bf40c70ddea5692) Importer(815301076,1909f56bfc062723c751e8b465ee728b)
Start importing Assets/Scripts/SphereController.cs using Guid(d36aba2f61316d540bf40c70ddea5692) Importer(815301076,1909f56bfc062723c751e8b465ee728b)  -> (artifact id: '7ce8093f1cfba2b6bc655f9b227d5ea2') in 0.286996 seconds
  Import took 0.289036 seconds .

========================================================================
Received Import Request.
  Time since last request: 0.000239 seconds.
  path: Assets/Scripts/SphereSpawner.cs
  artifactKey: Guid(4ba2f074a74266d43a3c5b216272de52) Importer(815301076,1909f56bfc062723c751e8b465ee728b)
Start importing Assets/Scripts/SphereSpawner.cs using Guid(4ba2f074a74266d43a3c5b216272de52) Importer(815301076,1909f56bfc062723c751e8b465ee728b)  -> (artifact id: '45385e4687c51226084bfb2b80059223') in 0.014172 seconds
  Import took 0.016821 seconds .

========================================================================
Received Prepare
Refreshing native plugins compatible for Editor in 0.74 ms, found 0 plugins.
Preloading 0 native plugins for Editor in 0.00 ms.
Unloading 3 Unused Serialized files (Serialized files now loaded: 0)
System memory in use before: 35.1 MB.
System memory in use after: 35.2 MB.

Unloading 3 unused Assets to reduce memory usage. Loaded Objects now: 1560.
Total: 2.039100 ms (FindLiveObjects: 0.136800 ms CreateObjectMapping: 0.044400 ms MarkObjects: 1.789200 ms  DeleteObjects: 0.067200 ms)

========================================================================
Received Import Request.
  Time since last request: 27.148940 seconds.
  path: Assets/Scripts/Counter.cs
  artifactKey: Guid(23ac8d9e0f1d21044ab42710ee10b3ed) Importer(815301076,1909f56bfc062723c751e8b465ee728b)
Start importing Assets/Scripts/Counter.cs using Guid(23ac8d9e0f1d21044ab42710ee10b3ed) Importer(815301076,1909f56bfc062723c751e8b465ee728b)  -> (artifact id: '85035439303db5177a818e2e19cc461a') in 0.012578 seconds
  Import took 0.015113 seconds .

========================================================================
Received Prepare
Registering precompiled user dll's ...
Registered in 0.000527 seconds.
Begin MonoManager ReloadAssembly
Native extension for WindowsStandalone target not found
Native extension for WebGL target not found
Refreshing native plugins compatible for Editor in 0.21 ms, found 0 plugins.
Preloading 0 native plugins for Editor in 0.00 ms.
Invoked RoslynAnalysisRunner static constructor.
RoslynAnalysisRunner will not be running.
RoslynAnalysisRunner has terminated.
Mono: successfully reloaded assembly
- Completed reload, in  0.979 seconds
Platform modules already initialized, skipping
Refreshing native plugins compatible for Editor in 0.20 ms, found 0 plugins.
Preloading 0 native plugins for Editor in 0.00 ms.
Unloading 1111 Unused Serialized files (Serialized files now loaded: 0)
System memory in use before: 57.2 MB.
System memory in use after: 57.3 MB.

Unloading 5 unused Assets to reduce memory usage. Loaded Objects now: 1563.
Total: 15.127800 ms (FindLiveObjects: 0.249000 ms CreateObjectMapping: 0.060800 ms MarkObjects: 14.745200 ms  DeleteObjects: 0.070400 ms)

========================================================================
Received Prepare
Refreshing native plugins compatible for Editor in 1.06 ms, found 0 plugins.
Preloading 0 native plugins for Editor in 0.00 ms.
Unloading 3 Unused Serialized files (Serialized files now loaded: 0)
System memory in use before: 35.3 MB.
System memory in use after: 35.3 MB.

Unloading 3 unused Assets to reduce memory usage. Loaded Objects now: 1563.
Total: 5.235300 ms (FindLiveObjects: 0.222900 ms CreateObjectMapping: 0.075800 ms MarkObjects: 4.878800 ms  DeleteObjects: 0.056000 ms)

========================================================================
Received Prepare
Refreshing native plugins compatible for Editor in 0.55 ms, found 0 plugins.
Preloading 0 native plugins for Editor in 0.00 ms.
Unloading 3 Unused Serialized files (Serialized files now loaded: 0)
System memory in use before: 35.3 MB.
System memory in use after: 35.4 MB.

Unloading 3 unused Assets to reduce memory usage. Loaded Objects now: 1563.
Total: 1.775300 ms (FindLiveObjects: 0.242500 ms CreateObjectMapping: 0.090100 ms MarkObjects: 1.381300 ms  DeleteObjects: 0.060000 ms)

========================================================================
Received Prepare
Refreshing native plugins compatible for Editor in 0.81 ms, found 0 plugins.
Preloading 0 native plugins for Editor in 0.00 ms.
Unloading 3 Unused Serialized files (Serialized files now loaded: 0)
System memory in use before: 35.3 MB.
System memory in use after: 35.4 MB.

Unloading 3 unused Assets to reduce memory usage. Loaded Objects now: 1563.
Total: 2.335700 ms (FindLiveObjects: 0.333100 ms CreateObjectMapping: 0.154900 ms MarkObjects: 1.796800 ms  DeleteObjects: 0.049400 ms)

AssetImportWorkerClient::OnTransportError - code=2 error=End of file
